-------------------------------------------------------------------------------
Test set: au.com.riosoftware.scart.controller.ShoppingCartControllerIntegrationTest
-------------------------------------------------------------------------------
Tests run: 1, Failures: 0, Errors: 1, Skipped: 0, Time elapsed: 1.104 s <<< FAILURE! - in au.com.riosoftware.scart.controller.ShoppingCartControllerIntegrationTest
registrationWorksThroughAllLayers  Time elapsed: 0.162 s  <<< ERROR!
org.springframework.web.util.NestedServletException: Request processing failed; nested exception is org.springframework.dao.DataIntegrityViolationException: could not execute statement; SQL [n/a]; constraint [null]; nested exception is org.hibernate.exception.ConstraintViolationException: could not execute statement
	at au.com.riosoftware.scart.controller.ShoppingCartControllerIntegrationTest.registrationWorksThroughAllLayers(ShoppingCartControllerIntegrationTest.java:35)
Caused by: org.springframework.dao.DataIntegrityViolationException: could not execute statement; SQL [n/a]; constraint [null]; nested exception is org.hibernate.exception.ConstraintViolationException: could not execute statement
	at au.com.riosoftware.scart.controller.ShoppingCartControllerIntegrationTest.registrationWorksThroughAllLayers(ShoppingCartControllerIntegrationTest.java:35)
Caused by: org.hibernate.exception.ConstraintViolationException: could not execute statement
	at au.com.riosoftware.scart.controller.ShoppingCartControllerIntegrationTest.registrationWorksThroughAllLayers(ShoppingCartControllerIntegrationTest.java:35)
Caused by: org.h2.jdbc.JdbcSQLIntegrityConstraintViolationException: 
NULL not allowed for column "ID"; SQL statement:
insert into shopping_cart (id, total) values (null, ?) [23502-200]
	at au.com.riosoftware.scart.controller.ShoppingCartControllerIntegrationTest.registrationWorksThroughAllLayers(ShoppingCartControllerIntegrationTest.java:35)

