<?xml version="1.0" encoding="UTF-8"?>
<testsuite xmlns:xsi="http://www.w3.org/2001/XMLSchema-instance" xsi:noNamespaceSchemaLocation="https://maven.apache.org/surefire/maven-surefire-plugin/xsd/surefire-test-report.xsd" name="au.com.riosoftware.scart.controller.ShoppingCartControllerIntegrationTest" time="1.104" tests="1" errors="1" skipped="0" failures="0">
  <properties>
[...]
</properties>
  <testcase name="registrationWorksThroughAllLayers" classname="au.com.riosoftware.scart.controller.ShoppingCartControllerIntegrationTest" time="0.162">
    <error message="Request processing failed; nested exception is org.springframework.dao.DataIntegrityViolationException: could not execute statement; SQL [n/a]; constraint [null]; nested exception is org.hibernate.exception.ConstraintViolationException: could not execute statement" type="org.springframework.web.util.NestedServletException">org.springframework.web.util.NestedServletException: Request processing failed; nested exception is org.springframework.dao.DataIntegrityViolationException: could not execute statement; SQL [n/a]; constraint [null]; nested exception is org.hibernate.exception.ConstraintViolationException: could not execute statement
	at au.com.riosoftware.scart.controller.ShoppingCartControllerIntegrationTest.registrationWorksThroughAllLayers(ShoppingCartControllerIntegrationTest.java:35)
Caused by: org.springframework.dao.DataIntegrityViolationException: could not execute statement; SQL [n/a]; constraint [null]; nested exception is org.hibernate.exception.ConstraintViolationException: could not execute statement
	at au.com.riosoftware.scart.controller.ShoppingCartControllerIntegrationTest.registrationWorksThroughAllLayers(ShoppingCartControllerIntegrationTest.java:35)
Caused by: org.hibernate.exception.ConstraintViolationException: could not execute statement
	at au.com.riosoftware.scart.controller.ShoppingCartControllerIntegrationTest.registrationWorksThroughAllLayers(ShoppingCartControllerIntegrationTest.java:35)
Caused by: org.h2.jdbc.JdbcSQLIntegrityConstraintViolationException: 
NULL not allowed for column "ID"; SQL statement:
insert into shopping_cart (id, total) values (null, ?) [23502-200]
	at au.com.riosoftware.scart.controller.ShoppingCartControllerIntegrationTest.registrationWorksThroughAllLayers(ShoppingCartControllerIntegrationTest.java:35)
</error>
    <system-out><![CDATA[2020-09-14 14:32:25.427  INFO 11520 --- [           main] .b.t.c.SpringBootTestContextBootstrapper : Neither @ContextConfiguration nor @ContextHierarchy found for test class [au.com.riosoftware.scart.controller.ShoppingCartControllerIntegrationTest], using SpringBootContextLoader
2020-09-14 14:32:25.428  INFO 11520 --- [           main] o.s.t.c.support.AbstractContextLoader    : Could not detect default resource locations for test class [au.com.riosoftware.scart.controller.ShoppingCartControllerIntegrationTest]: no resource found for suffixes {-context.xml, Context.groovy}.
2020-09-14 14:32:25.428  INFO 11520 --- [           main] t.c.s.AnnotationConfigContextLoaderUtils : Could not detect default configuration classes for test class [au.com.riosoftware.scart.controller.ShoppingCartControllerIntegrationTest]: ShoppingCartControllerIntegrationTest does not declare any static, non-private, non-final, nested classes annotated with @Configuration.
2020-09-14 14:32:25.440  INFO 11520 --- [           main] .b.t.c.SpringBootTestContextBootstrapper : Found @SpringBootConfiguration au.com.riosoftware.scart.Application for test class au.com.riosoftware.scart.controller.ShoppingCartControllerIntegrationTest
2020-09-14 14:32:25.442  INFO 11520 --- [           main] .b.t.c.SpringBootTestContextBootstrapper : Loaded default TestExecutionListener class names from location [META-INF/spring.factories]: [org.springframework.boot.test.mock.mockito.MockitoTestExecutionListener, org.springframework.boot.test.mock.mockito.ResetMocksTestExecutionListener, org.springframework.boot.test.autoconfigure.restdocs.RestDocsTestExecutionListener, org.springframework.boot.test.autoconfigure.web.client.MockRestServiceServerResetTestExecutionListener, org.springframework.boot.test.autoconfigure.web.servlet.MockMvcPrintOnlyOnFailureTestExecutionListener, org.springframework.boot.test.autoconfigure.web.servlet.WebDriverTestExecutionListener, org.springframework.boot.test.autoconfigure.webservices.client.MockWebServiceServerTestExecutionListener, org.springframework.test.context.web.ServletTestExecutionListener, org.springframework.test.context.support.DirtiesContextBeforeModesTestExecutionListener, org.springframework.test.context.support.DependencyInjectionTestExecutionListener, org.springframework.test.context.support.DirtiesContextTestExecutionListener, org.springframework.test.context.transaction.TransactionalTestExecutionListener, org.springframework.test.context.jdbc.SqlScriptsTestExecutionListener, org.springframework.test.context.event.EventPublishingTestExecutionListener]
2020-09-14 14:32:25.442  INFO 11520 --- [           main] .b.t.c.SpringBootTestContextBootstrapper : Using TestExecutionListeners: [org.springframework.test.context.web.ServletTestExecutionListener@26056ce3, org.springframework.test.context.support.DirtiesContextBeforeModesTestExecutionListener@6fb6572f, org.springframework.boot.test.mock.mockito.MockitoTestExecutionListener@2a971c, org.springframework.boot.test.autoconfigure.SpringBootDependencyInjectionTestExecutionListener@681e3e39, org.springframework.test.context.support.DirtiesContextTestExecutionListener@65f125ad, org.springframework.test.context.transaction.TransactionalTestExecutionListener@38231913, org.springframework.test.context.jdbc.SqlScriptsTestExecutionListener@6c65fb7c, org.springframework.test.context.event.EventPublishingTestExecutionListener@7513ff3f, org.springframework.boot.test.mock.mockito.ResetMocksTestExecutionListener@19a3607d, org.springframework.boot.test.autoconfigure.restdocs.RestDocsTestExecutionListener@396809db, org.springframework.boot.test.autoconfigure.web.client.MockRestServiceServerResetTestExecutionListener@7a15ab91, org.springframework.boot.test.autoconfigure.web.servlet.MockMvcPrintOnlyOnFailureTestExecutionListener@101559eb, org.springframework.boot.test.autoconfigure.web.servlet.WebDriverTestExecutionListener@12b7731c, org.springframework.boot.test.autoconfigure.webservices.client.MockWebServiceServerTestExecutionListener@6be88640]

  .   ____          _            __ _ _
 /\\ / ___'_ __ _ _(_)_ __  __ _ \ \ \ \
( ( )\___ | '_ | '_| | '_ \/ _` | \ \ \ \
 \\/  ___)| |_)| | | | | || (_| |  ) ) ) )
  '  |____| .__|_| |_|_| |_\__, | / / / /
 =========|_|==============|___/=/_/_/_/
 :: Spring Boot ::        (v2.3.3.RELEASE)

2020-09-14 14:32:25.472  INFO 11520 --- [           main] .c.ShoppingCartControllerIntegrationTest : Starting ShoppingCartControllerIntegrationTest on ip-10-0-5-24.ap-southeast-2.compute.internal with PID 11520 (started by marciomarinho in /Users/marciomarinho/projects/riosoftware/scart)
2020-09-14 14:32:25.473  INFO 11520 --- [           main] .c.ShoppingCartControllerIntegrationTest : No active profile set, falling back to default profiles: default
2020-09-14 14:32:25.694  INFO 11520 --- [           main] .s.d.r.c.RepositoryConfigurationDelegate : Bootstrapping Spring Data JPA repositories in DEFERRED mode.
2020-09-14 14:32:25.705  INFO 11520 --- [           main] .s.d.r.c.RepositoryConfigurationDelegate : Finished Spring Data repository scanning in 11ms. Found 2 JPA repository interfaces.
2020-09-14 14:32:25.812  INFO 11520 --- [           main] com.zaxxer.hikari.HikariDataSource       : HikariPool-2 - Starting...
2020-09-14 14:32:25.813  INFO 11520 --- [           main] com.zaxxer.hikari.HikariDataSource       : HikariPool-2 - Start completed.
2020-09-14 14:32:25.813  INFO 11520 --- [           main] o.f.c.internal.database.DatabaseFactory  : Database: jdbc:h2:mem:scartdb_test (H2 1.4)
2020-09-14 14:32:25.820  INFO 11520 --- [           main] o.f.core.internal.command.DbValidate     : Successfully validated 2 migrations (execution time 00:00.004s)
2020-09-14 14:32:25.828  INFO 11520 --- [           main] o.f.core.internal.command.DbMigrate      : Current version of schema "PUBLIC": 2
2020-09-14 14:32:25.830  INFO 11520 --- [           main] o.f.core.internal.command.DbMigrate      : Schema "PUBLIC" is up to date. No migration necessary.
2020-09-14 14:32:25.863  INFO 11520 --- [           main] o.s.s.concurrent.ThreadPoolTaskExecutor  : Initializing ExecutorService 'applicationTaskExecutor'
2020-09-14 14:32:25.875  INFO 11520 --- [         task-1] o.hibernate.jpa.internal.util.LogHelper  : HHH000204: Processing PersistenceUnitInfo [name: default]
2020-09-14 14:32:25.881  INFO 11520 --- [         task-1] org.hibernate.dialect.Dialect            : HHH000400: Using dialect: org.hibernate.dialect.H2Dialect
2020-09-14 14:32:25.940  INFO 11520 --- [         task-1] o.h.e.t.j.p.i.JtaPlatformInitiator       : HHH000490: Using JtaPlatform implementation: [org.hibernate.engine.transaction.jta.platform.internal.NoJtaPlatform]
2020-09-14 14:32:25.941  INFO 11520 --- [         task-1] j.LocalContainerEntityManagerFactoryBean : Initialized JPA EntityManagerFactory for persistence unit 'default'
2020-09-14 14:32:25.969  WARN 11520 --- [           main] JpaBaseConfiguration$JpaWebConfiguration : spring.jpa.open-in-view is enabled by default. Therefore, database queries may be performed during view rendering. Explicitly configure spring.jpa.open-in-view to disable this warning
2020-09-14 14:32:26.073  INFO 11520 --- [           main] o.s.b.a.h2.H2ConsoleAutoConfiguration    : H2 console available at '/h2'. Database available at 'jdbc:h2:mem:scartdb_test'
2020-09-14 14:32:26.277  INFO 11520 --- [           main] o.s.b.t.m.w.SpringBootMockServletContext : Initializing Spring TestDispatcherServlet ''
2020-09-14 14:32:26.278  INFO 11520 --- [           main] o.s.t.web.servlet.TestDispatcherServlet  : Initializing Servlet ''
2020-09-14 14:32:26.286  INFO 11520 --- [           main] o.s.b.a.e.web.EndpointLinksResolver      : Exposing 2 endpoint(s) beneath base path '/actuator'
2020-09-14 14:32:26.308  INFO 11520 --- [           main] o.s.t.web.servlet.TestDispatcherServlet  : Completed initialization in 30 ms
2020-09-14 14:32:26.319  INFO 11520 --- [           main] DeferredRepositoryInitializationListener : Triggering deferred initialization of Spring Data repositories…
2020-09-14 14:32:26.361  INFO 11520 --- [           main] DeferredRepositoryInitializationListener : Spring Data repositories initialized!
2020-09-14 14:32:26.367  INFO 11520 --- [           main] .c.ShoppingCartControllerIntegrationTest : Started ShoppingCartControllerIntegrationTest in 0.922 seconds (JVM running for 7.542)
Hibernate: insert into shopping_cart (id, total) values (null, ?)
2020-09-14 14:32:26.505  WARN 11520 --- [           main] o.h.engine.jdbc.spi.SqlExceptionHelper   : SQL Error: 23502, SQLState: 23502
2020-09-14 14:32:26.506 ERROR 11520 --- [           main] o.h.engine.jdbc.spi.SqlExceptionHelper   : NULL not allowed for column "ID"; SQL statement:
insert into shopping_cart (id, total) values (null, ?) [23502-200]
]]></system-out>
  </testcase>
</testsuite>